2020-06-20 16:53:08||INFO ||c.p.annotationTest.AnnotationTest:55||Starting AnnotationTest on bogon with PID 91575 (started by didi in /Users/didi/IdeaProjects/pangu)
2020-06-20 16:53:08||INFO ||c.p.annotationTest.AnnotationTest:651||No active profile set, falling back to default profiles: default
2020-06-20 16:53:10||INFO ||o.s.b.f.a.AutowiredAnnotationBeanPostProcessor:492||Autowired annotation is not supported on static methods: public static void com.pangu.springContext.SpringContextUtil.setApplicationContext(org.springframework.context.ApplicationContext) throws org.springframework.beans.BeansException
2020-06-20 16:53:10||INFO ||o.s.b.f.a.AutowiredAnnotationBeanPostProcessor:492||Autowired annotation is not supported on static methods: public static void com.pangu.springContext.SpringContextUtil.setApplicationContext(org.springframework.context.ApplicationContext) throws org.springframework.beans.BeansException
2020-06-20 16:53:11||INFO ||o.s.s.c.ThreadPoolTaskExecutor:171||Initializing ExecutorService 'applicationTaskExecutor'
2020-06-20 16:53:12||INFO ||c.p.annotationTest.AnnotationTest:61||Started AnnotationTest in 4.307 seconds (JVM running for 6.161)
2020-06-20 16:53:12||INFO ||o.s.s.c.ThreadPoolTaskExecutor:208||Shutting down ExecutorService 'applicationTaskExecutor'
2020-06-20 16:54:20||INFO ||c.p.annotationTest.AnnotationTest:55||Starting AnnotationTest on bogon with PID 91647 (started by didi in /Users/didi/IdeaProjects/pangu)
2020-06-20 16:54:20||INFO ||c.p.annotationTest.AnnotationTest:651||No active profile set, falling back to default profiles: default
2020-06-20 16:54:22||INFO ||o.s.b.f.a.AutowiredAnnotationBeanPostProcessor:492||Autowired annotation is not supported on static methods: public static void com.pangu.springContext.SpringContextUtil.setApplicationContext(org.springframework.context.ApplicationContext) throws org.springframework.beans.BeansException
2020-06-20 16:54:22||INFO ||o.s.b.f.a.AutowiredAnnotationBeanPostProcessor:492||Autowired annotation is not supported on static methods: public static void com.pangu.springContext.SpringContextUtil.setApplicationContext(org.springframework.context.ApplicationContext) throws org.springframework.beans.BeansException
2020-06-20 16:55:02||INFO ||c.p.annotationTest.AnnotationTest:55||Starting AnnotationTest on bogon with PID 91689 (started by didi in /Users/didi/IdeaProjects/pangu)
2020-06-20 16:55:02||INFO ||c.p.annotationTest.AnnotationTest:651||No active profile set, falling back to default profiles: default
2020-06-20 16:55:04||INFO ||o.s.b.f.a.AutowiredAnnotationBeanPostProcessor:492||Autowired annotation is not supported on static methods: public static void com.pangu.springContext.SpringContextUtil.setApplicationContext(org.springframework.context.ApplicationContext) throws org.springframework.beans.BeansException
2020-06-20 16:55:04||INFO ||o.s.b.f.a.AutowiredAnnotationBeanPostProcessor:492||Autowired annotation is not supported on static methods: public static void com.pangu.springContext.SpringContextUtil.setApplicationContext(org.springframework.context.ApplicationContext) throws org.springframework.beans.BeansException
2020-06-20 16:55:05||INFO ||o.s.s.c.ThreadPoolTaskExecutor:171||Initializing ExecutorService 'applicationTaskExecutor'
2020-06-20 16:55:05||INFO ||c.p.annotationTest.AnnotationTest:61||Started AnnotationTest in 4.573 seconds (JVM running for 5.731)
2020-06-20 16:55:06||INFO ||o.s.s.c.ThreadPoolTaskExecutor:208||Shutting down ExecutorService 'applicationTaskExecutor'
2020-06-20 16:57:06||INFO ||c.p.annotationTest.AnnotationTest:55||Starting AnnotationTest on bogon with PID 91810 (started by didi in /Users/didi/IdeaProjects/pangu)
2020-06-20 16:57:06||INFO ||c.p.annotationTest.AnnotationTest:651||No active profile set, falling back to default profiles: default
2020-06-20 16:57:07||INFO ||o.s.b.f.a.AutowiredAnnotationBeanPostProcessor:492||Autowired annotation is not supported on static methods: public static void com.pangu.springContext.SpringContextUtil.setApplicationContext(org.springframework.context.ApplicationContext) throws org.springframework.beans.BeansException
2020-06-20 16:57:07||INFO ||o.s.b.f.a.AutowiredAnnotationBeanPostProcessor:492||Autowired annotation is not supported on static methods: public static void com.pangu.springContext.SpringContextUtil.setApplicationContext(org.springframework.context.ApplicationContext) throws org.springframework.beans.BeansException
2020-06-20 16:57:08||INFO ||o.s.s.c.ThreadPoolTaskExecutor:171||Initializing ExecutorService 'applicationTaskExecutor'
2020-06-20 16:57:08||INFO ||c.p.annotationTest.AnnotationTest:61||Started AnnotationTest in 3.853 seconds (JVM running for 5.248)
2020-06-20 16:57:09||INFO ||c.p.annotationTest.AnnotationTest:47||{"name":"Zero","age":18}
2020-06-20 16:57:09||INFO ||o.s.s.c.ThreadPoolTaskExecutor:208||Shutting down ExecutorService 'applicationTaskExecutor'
